2018-06-06 15:18:30.971 [restartedMain] INFO  org.springframework.context.annotation.AnnotationConfigApplicationContext - Refreshing org.springframework.context.annotation.AnnotationConfigApplicationContext@40eba2d0: startup date [Wed Jun 06 15:18:30 CST 2018]; root of context hierarchy
2018-06-06 15:18:31.813 [restartedMain] INFO  org.springframework.beans.factory.annotation.AutowiredAnnotationBeanPostProcessor - JSR-330 'javax.inject.Inject' annotation found and supported for autowiring
2018-06-06 15:18:32.065 [restartedMain] INFO  org.springframework.context.support.PostProcessorRegistrationDelegate$BeanPostProcessorChecker - Bean 'configurationPropertiesRebinderAutoConfiguration' of type [org.springframework.cloud.autoconfigure.ConfigurationPropertiesRebinderAutoConfiguration$$EnhancerBySpringCGLIB$$9211657] is not eligible for getting processed by all BeanPostProcessors (for example: not eligible for auto-proxying)
2018-06-06 15:18:33.327 [restartedMain] INFO  com.chenglian.aischool.security.AiSchoolSecurityApplication - No active profile set, falling back to default profiles: default
2018-06-06 15:18:33.362 [restartedMain] INFO  org.springframework.boot.web.servlet.context.AnnotationConfigServletWebServerApplicationContext - Refreshing org.springframework.boot.web.servlet.context.AnnotationConfigServletWebServerApplicationContext@234f8a91: startup date [Wed Jun 06 15:18:33 CST 2018]; parent: org.springframework.context.annotation.AnnotationConfigApplicationContext@40eba2d0
2018-06-06 15:18:37.756 [restartedMain] INFO  org.springframework.beans.factory.support.DefaultListableBeanFactory - Overriding bean definition for bean 'environmentWebEndpointExtension' with a different definition: replacing [Root bean: class [null]; scope=; abstract=false; lazyInit=false; autowireMode=3; dependencyCheck=0; autowireCandidate=true; primary=false; factoryBeanName=org.springframework.boot.actuate.autoconfigure.env.EnvironmentEndpointAutoConfiguration; factoryMethodName=environmentWebEndpointExtension; initMethodName=null; destroyMethodName=(inferred); defined in class path resource [org/springframework/boot/actuate/autoconfigure/env/EnvironmentEndpointAutoConfiguration.class]] with [Root bean: class [null]; scope=; abstract=false; lazyInit=false; autowireMode=3; dependencyCheck=0; autowireCandidate=true; primary=false; factoryBeanName=org.springframework.cloud.autoconfigure.LifecycleMvcEndpointAutoConfiguration$EndpointConfiguration; factoryMethodName=environmentWebEndpointExtension; initMethodName=null; destroyMethodName=(inferred); defined in class path resource [org/springframework/cloud/autoconfigure/LifecycleMvcEndpointAutoConfiguration$EndpointConfiguration.class]]
2018-06-06 15:18:38.053 [restartedMain] INFO  org.springframework.beans.factory.support.DefaultListableBeanFactory - Overriding bean definition for bean 'dataSource' with a different definition: replacing [Root bean: class [null]; scope=refresh; abstract=false; lazyInit=false; autowireMode=3; dependencyCheck=0; autowireCandidate=false; primary=false; factoryBeanName=org.springframework.boot.autoconfigure.jdbc.DataSourceConfiguration$Hikari; factoryMethodName=dataSource; initMethodName=null; destroyMethodName=(inferred); defined in class path resource [org/springframework/boot/autoconfigure/jdbc/DataSourceConfiguration$Hikari.class]] with [Root bean: class [org.springframework.aop.scope.ScopedProxyFactoryBean]; scope=; abstract=false; lazyInit=false; autowireMode=0; dependencyCheck=0; autowireCandidate=true; primary=false; factoryBeanName=null; factoryMethodName=null; initMethodName=null; destroyMethodName=null; defined in BeanDefinition defined in class path resource [org/springframework/boot/autoconfigure/jdbc/DataSourceConfiguration$Hikari.class]]
2018-06-06 15:18:38.595 [restartedMain] INFO  org.springframework.cloud.context.scope.GenericScope - BeanFactory id=b22ddfb3-fb0c-34e3-91b3-cc37986fb21b
2018-06-06 15:18:38.672 [restartedMain] INFO  org.springframework.beans.factory.annotation.AutowiredAnnotationBeanPostProcessor - JSR-330 'javax.inject.Inject' annotation found and supported for autowiring
2018-06-06 15:18:39.715 [restartedMain] INFO  org.springframework.context.support.PostProcessorRegistrationDelegate$BeanPostProcessorChecker - Bean 'org.springframework.transaction.annotation.ProxyTransactionManagementConfiguration' of type [org.springframework.transaction.annotation.ProxyTransactionManagementConfiguration$$EnhancerBySpringCGLIB$$ed07135a] is not eligible for getting processed by all BeanPostProcessors (for example: not eligible for auto-proxying)
2018-06-06 15:18:40.010 [restartedMain] INFO  org.springframework.context.support.PostProcessorRegistrationDelegate$BeanPostProcessorChecker - Bean 'org.springframework.security.config.annotation.configuration.ObjectPostProcessorConfiguration' of type [org.springframework.security.config.annotation.configuration.ObjectPostProcessorConfiguration$$EnhancerBySpringCGLIB$$85b4db94] is not eligible for getting processed by all BeanPostProcessors (for example: not eligible for auto-proxying)
2018-06-06 15:18:40.040 [restartedMain] INFO  org.springframework.context.support.PostProcessorRegistrationDelegate$BeanPostProcessorChecker - Bean 'objectPostProcessor' of type [org.springframework.security.config.annotation.configuration.AutowireBeanFactoryObjectPostProcessor] is not eligible for getting processed by all BeanPostProcessors (for example: not eligible for auto-proxying)
2018-06-06 15:18:40.046 [restartedMain] INFO  org.springframework.context.support.PostProcessorRegistrationDelegate$BeanPostProcessorChecker - Bean 'org.springframework.security.access.expression.method.DefaultMethodSecurityExpressionHandler@46775768' of type [org.springframework.security.access.expression.method.DefaultMethodSecurityExpressionHandler] is not eligible for getting processed by all BeanPostProcessors (for example: not eligible for auto-proxying)
2018-06-06 15:18:40.064 [restartedMain] INFO  org.springframework.context.support.PostProcessorRegistrationDelegate$BeanPostProcessorChecker - Bean 'org.springframework.security.config.annotation.method.configuration.GlobalMethodSecurityConfiguration' of type [org.springframework.security.config.annotation.method.configuration.GlobalMethodSecurityConfiguration$$EnhancerBySpringCGLIB$$aa897e46] is not eligible for getting processed by all BeanPostProcessors (for example: not eligible for auto-proxying)
2018-06-06 15:18:40.083 [restartedMain] INFO  org.springframework.context.support.PostProcessorRegistrationDelegate$BeanPostProcessorChecker - Bean 'methodSecurityMetadataSource' of type [org.springframework.security.access.method.DelegatingMethodSecurityMetadataSource] is not eligible for getting processed by all BeanPostProcessors (for example: not eligible for auto-proxying)
2018-06-06 15:18:40.136 [restartedMain] INFO  org.springframework.context.support.PostProcessorRegistrationDelegate$BeanPostProcessorChecker - Bean 'org.springframework.cloud.autoconfigure.ConfigurationPropertiesRebinderAutoConfiguration' of type [org.springframework.cloud.autoconfigure.ConfigurationPropertiesRebinderAutoConfiguration$$EnhancerBySpringCGLIB$$9211657] is not eligible for getting processed by all BeanPostProcessors (for example: not eligible for auto-proxying)
2018-06-06 15:18:41.992 [restartedMain] INFO  org.springframework.boot.web.embedded.tomcat.TomcatWebServer - Tomcat initialized with port(s): 8083 (http)
2018-06-06 15:18:42.028 [restartedMain] INFO  org.apache.coyote.http11.Http11NioProtocol - Initializing ProtocolHandler ["http-nio-8083"]
2018-06-06 15:18:42.055 [restartedMain] INFO  org.apache.catalina.core.StandardService - Starting service [Tomcat]
2018-06-06 15:18:42.056 [restartedMain] INFO  org.apache.catalina.core.StandardEngine - Starting Servlet Engine: Apache Tomcat/8.5.28
2018-06-06 15:18:42.066 [localhost-startStop-1] INFO  org.apache.catalina.core.AprLifecycleListener - The APR based Apache Tomcat Native library which allows optimal performance in production environments was not found on the java.library.path: [D:\Java\jdk1.8.0_151\bin;C:\Windows\Sun\Java\bin;C:\Windows\system32;C:\Windows;C:\ProgramData\Oracle\Java\javapath;C:\Windows\system32;C:\Windows;C:\Windows\System32\Wbem;C:\Windows\System32\WindowsPowerShell\v1.0\;D:\Java\jdk1.8.0_151\bin;D:\Java\jdk1.8.0_151\jre\bin;D:\TortoiseSVN\bin;C:\Program Files (x86)\MySQL\MySQL Fabric 1.5.4 & MySQL Utilities 1.5.4 1.5\;C:\Program Files (x86)\MySQL\MySQL Fabric 1.5.4 & MySQL Utilities 1.5.4 1.5\Doctrine extensions for PHP\;D:\apache-maven-3.5.2\bin;D:\spring-1.5.9.RELEASE\bin;D:\nodejs\;C:\Users\Administrator\AppData\Roaming\npm;.]
2018-06-06 15:18:42.398 [localhost-startStop-1] INFO  org.apache.catalina.core.ContainerBase.[Tomcat].[localhost].[/] - Initializing Spring embedded WebApplicationContext
2018-06-06 15:18:42.400 [localhost-startStop-1] INFO  org.springframework.web.context.ContextLoader - Root WebApplicationContext: initialization completed in 9038 ms
2018-06-06 15:18:44.244 [localhost-startStop-1] INFO  org.springframework.aop.framework.CglibAopProxy - Method [void com.zaxxer.hikari.HikariConfig.seal()] is package-visible across different ClassLoaders and cannot get proxied via CGLIB: Declare this method as public or protected if you need to support invocations through the proxy.
2018-06-06 15:18:47.835 [localhost-startStop-1] INFO  com.zaxxer.hikari.HikariDataSource - HikariPool-1 - Starting...
2018-06-06 15:18:48.695 [localhost-startStop-1] INFO  com.zaxxer.hikari.HikariDataSource - HikariPool-1 - Start completed.
2018-06-06 15:18:48.809 [localhost-startStop-1] INFO  org.springframework.orm.jpa.LocalContainerEntityManagerFactoryBean - Building JPA container EntityManagerFactory for persistence unit 'default'
2018-06-06 15:18:49.040 [localhost-startStop-1] INFO  org.hibernate.Version - HHH000412: Hibernate Core {5.2.14.Final}
2018-06-06 15:18:49.044 [localhost-startStop-1] INFO  org.hibernate.cfg.Environment - HHH000206: hibernate.properties not found
2018-06-06 15:18:49.174 [localhost-startStop-1] INFO  org.hibernate.annotations.common.Version - HCANN000001: Hibernate Commons Annotations {5.0.1.Final}
2018-06-06 15:18:49.557 [localhost-startStop-1] INFO  org.hibernate.dialect.Dialect - HHH000400: Using dialect: org.hibernate.dialect.MySQL5Dialect
2018-06-06 15:18:56.734 [localhost-startStop-1] INFO  org.springframework.orm.jpa.LocalContainerEntityManagerFactoryBean - Initialized JPA EntityManagerFactory for persistence unit 'default'
2018-06-06 15:18:59.329 [localhost-startStop-1] INFO  org.springframework.boot.web.servlet.FilterRegistrationBean - Mapping filter: 'characterEncodingFilter' to: [/*]
2018-06-06 15:18:59.331 [localhost-startStop-1] INFO  org.springframework.boot.web.servlet.DelegatingFilterProxyRegistrationBean - Mapping filter: 'springSecurityFilterChain' to: [/*]
2018-06-06 15:18:59.331 [localhost-startStop-1] INFO  org.springframework.boot.web.servlet.FilterRegistrationBean - Mapping filter: 'httpTraceFilter' to: [/*]
2018-06-06 15:18:59.332 [localhost-startStop-1] INFO  org.springframework.boot.web.servlet.FilterRegistrationBean - Mapping filter: 'webMvcMetricsFilter' to: [/*]
2018-06-06 15:18:59.332 [localhost-startStop-1] INFO  org.springframework.boot.web.servlet.FilterRegistrationBean - Mapping filter: 'jwtAuthenticationTokenFilter' to: [/*]
2018-06-06 15:18:59.332 [localhost-startStop-1] INFO  org.springframework.boot.web.servlet.FilterRegistrationBean - Mapping filter: 'authenticationTokenFilterBean' to: [/*]
2018-06-06 15:18:59.332 [localhost-startStop-1] INFO  org.springframework.boot.web.servlet.ServletRegistrationBean - Servlet dispatcherServlet mapped to [/]
2018-06-06 15:19:00.254 [restartedMain] INFO  org.springframework.security.web.DefaultSecurityFilterChain - Creating filter chain: org.springframework.security.web.util.matcher.AnyRequestMatcher@1, [org.springframework.security.web.context.request.async.WebAsyncManagerIntegrationFilter@4a4df24e, org.springframework.security.web.context.SecurityContextPersistenceFilter@2e793096, org.springframework.security.web.header.HeaderWriterFilter@2e0a7cde, org.springframework.security.web.authentication.logout.LogoutFilter@1f8e0356, com.chenglian.aischool.security.util.JwtAuthenticationTokenFilter@431a3cea, org.springframework.security.web.savedrequest.RequestCacheAwareFilter@54ad1807, org.springframework.security.web.servletapi.SecurityContextHolderAwareRequestFilter@4066464, org.springframework.security.web.authentication.AnonymousAuthenticationFilter@1093b6b1, org.springframework.security.web.session.SessionManagementFilter@2ab577b8, org.springframework.security.web.access.ExceptionTranslationFilter@6e83d4c9, org.springframework.security.web.access.intercept.FilterSecurityInterceptor@5858ec99]
2018-06-06 15:19:00.525 [restartedMain] INFO  org.springframework.web.servlet.mvc.method.annotation.RequestMappingHandlerMapping - Mapped "{[/auth/register],methods=[POST]}" onto public com.chenglian.aischool.security.entity.User com.chenglian.aischool.security.controller.AuthController.register(com.chenglian.aischool.security.entity.User) throws org.springframework.security.core.AuthenticationException
2018-06-06 15:19:00.527 [restartedMain] INFO  org.springframework.web.servlet.mvc.method.annotation.RequestMappingHandlerMapping - Mapped "{[/auth/login],methods=[POST]}" onto public org.springframework.http.ResponseEntity<?> com.chenglian.aischool.security.controller.AuthController.createAuthenticationToken(com.chenglian.aischool.security.web.JwtAuthenticationRequest) throws org.springframework.security.core.AuthenticationException
2018-06-06 15:19:00.527 [restartedMain] INFO  org.springframework.web.servlet.mvc.method.annotation.RequestMappingHandlerMapping - Mapped "{[/auth/refresh],methods=[GET]}" onto public org.springframework.http.ResponseEntity<?> com.chenglian.aischool.security.controller.AuthController.refreshAndGetAuthenticationToken(javax.servlet.http.HttpServletRequest) throws org.springframework.security.core.AuthenticationException
2018-06-06 15:19:00.533 [restartedMain] INFO  org.springframework.web.servlet.mvc.method.annotation.RequestMappingHandlerMapping - Mapped "{[/users],methods=[POST]}" onto public com.chenglian.aischool.security.entity.User com.chenglian.aischool.security.controller.UserController.addUser(com.chenglian.aischool.security.entity.User)
2018-06-06 15:19:00.534 [restartedMain] INFO  org.springframework.web.servlet.mvc.method.annotation.RequestMappingHandlerMapping - Mapped "{[/users],methods=[GET]}" onto public java.util.List<com.chenglian.aischool.security.entity.User> com.chenglian.aischool.security.controller.UserController.getUsers()
2018-06-06 15:19:00.534 [restartedMain] INFO  org.springframework.web.servlet.mvc.method.annotation.RequestMappingHandlerMapping - Mapped "{[/users/{id}],methods=[GET]}" onto public com.chenglian.aischool.security.entity.User com.chenglian.aischool.security.controller.UserController.getUser(java.lang.String)
2018-06-06 15:19:00.535 [restartedMain] INFO  org.springframework.web.servlet.mvc.method.annotation.RequestMappingHandlerMapping - Mapped "{[/users/{id}],methods=[PUT]}" onto public com.chenglian.aischool.security.entity.User com.chenglian.aischool.security.controller.UserController.updateUser(java.lang.String,com.chenglian.aischool.security.entity.User)
2018-06-06 15:19:00.535 [restartedMain] INFO  org.springframework.web.servlet.mvc.method.annotation.RequestMappingHandlerMapping - Mapped "{[/users/{id}],methods=[DELETE]}" onto public com.chenglian.aischool.security.entity.User com.chenglian.aischool.security.controller.UserController.removeUser(java.lang.String)
2018-06-06 15:19:00.535 [restartedMain] INFO  org.springframework.web.servlet.mvc.method.annotation.RequestMappingHandlerMapping - Mapped "{[/users/],methods=[GET]}" onto public com.chenglian.aischool.security.entity.User com.chenglian.aischool.security.controller.UserController.getUserByUsername(java.lang.String)
2018-06-06 15:19:00.546 [restartedMain] INFO  org.springframework.web.servlet.mvc.method.annotation.RequestMappingHandlerMapping - Mapped "{[/error]}" onto public org.springframework.http.ResponseEntity<java.util.Map<java.lang.String, java.lang.Object>> org.springframework.boot.autoconfigure.web.servlet.error.BasicErrorController.error(javax.servlet.http.HttpServletRequest)
2018-06-06 15:19:00.547 [restartedMain] INFO  org.springframework.web.servlet.mvc.method.annotation.RequestMappingHandlerMapping - Mapped "{[/error],produces=[text/html]}" onto public org.springframework.web.servlet.ModelAndView org.springframework.boot.autoconfigure.web.servlet.error.BasicErrorController.errorHtml(javax.servlet.http.HttpServletRequest,javax.servlet.http.HttpServletResponse)
2018-06-06 15:19:01.169 [restartedMain] INFO  org.springframework.web.servlet.mvc.method.annotation.RequestMappingHandlerAdapter - Looking for @ControllerAdvice: org.springframework.boot.web.servlet.context.AnnotationConfigServletWebServerApplicationContext@234f8a91: startup date [Wed Jun 06 15:18:33 CST 2018]; parent: org.springframework.context.annotation.AnnotationConfigApplicationContext@40eba2d0
2018-06-06 15:19:02.325 [restartedMain] INFO  com.netflix.config.sources.URLConfigurationSource - To enable URLs as dynamic configuration sources, define System property archaius.configurationSource.additionalUrls or make config.properties available on classpath.
2018-06-06 15:19:02.336 [restartedMain] INFO  com.netflix.config.sources.URLConfigurationSource - To enable URLs as dynamic configuration sources, define System property archaius.configurationSource.additionalUrls or make config.properties available on classpath.
2018-06-06 15:19:07.166 [restartedMain] INFO  org.springframework.boot.actuate.endpoint.web.servlet.WebMvcEndpointHandlerMapping - Mapped "{[/actuator/health],methods=[GET],produces=[application/vnd.spring-boot.actuator.v2+json || application/json]}" onto public java.lang.Object org.springframework.boot.actuate.endpoint.web.servlet.AbstractWebMvcEndpointHandlerMapping$OperationHandler.handle(javax.servlet.http.HttpServletRequest,java.util.Map<java.lang.String, java.lang.String>)
2018-06-06 15:19:07.169 [restartedMain] INFO  org.springframework.boot.actuate.endpoint.web.servlet.WebMvcEndpointHandlerMapping - Mapped "{[/actuator/info],methods=[GET],produces=[application/vnd.spring-boot.actuator.v2+json || application/json]}" onto public java.lang.Object org.springframework.boot.actuate.endpoint.web.servlet.AbstractWebMvcEndpointHandlerMapping$OperationHandler.handle(javax.servlet.http.HttpServletRequest,java.util.Map<java.lang.String, java.lang.String>)
2018-06-06 15:19:07.171 [restartedMain] INFO  org.springframework.boot.actuate.endpoint.web.servlet.WebMvcEndpointHandlerMapping - Mapped "{[/actuator],methods=[GET],produces=[application/vnd.spring-boot.actuator.v2+json || application/json]}" onto protected java.util.Map<java.lang.String, java.util.Map<java.lang.String, org.springframework.boot.actuate.endpoint.web.Link>> org.springframework.boot.actuate.endpoint.web.servlet.WebMvcEndpointHandlerMapping.links(javax.servlet.http.HttpServletRequest,javax.servlet.http.HttpServletResponse)
2018-06-06 15:19:08.692 [restartedMain] INFO  org.springframework.jmx.export.annotation.AnnotationMBeanExporter - Registering beans for JMX exposure on startup
2018-06-06 15:19:08.695 [restartedMain] INFO  org.springframework.jmx.export.annotation.AnnotationMBeanExporter - Bean with name 'dataSource' has been autodetected for JMX exposure
2018-06-06 15:19:08.722 [restartedMain] INFO  org.springframework.jmx.export.annotation.AnnotationMBeanExporter - Bean with name 'configurationPropertiesRebinder' has been autodetected for JMX exposure
2018-06-06 15:19:08.724 [restartedMain] INFO  org.springframework.jmx.export.annotation.AnnotationMBeanExporter - Bean with name 'environmentManager' has been autodetected for JMX exposure
2018-06-06 15:19:08.731 [restartedMain] INFO  org.springframework.jmx.export.annotation.AnnotationMBeanExporter - Bean with name 'refreshScope' has been autodetected for JMX exposure
2018-06-06 15:19:08.736 [restartedMain] INFO  org.springframework.jmx.export.annotation.AnnotationMBeanExporter - Located managed bean 'environmentManager': registering with JMX server as MBean [org.springframework.cloud.context.environment:name=environmentManager,type=EnvironmentManager]
2018-06-06 15:19:08.789 [restartedMain] INFO  org.springframework.jmx.export.annotation.AnnotationMBeanExporter - Located managed bean 'refreshScope': registering with JMX server as MBean [org.springframework.cloud.context.scope.refresh:name=refreshScope,type=RefreshScope]
2018-06-06 15:19:08.866 [restartedMain] INFO  org.springframework.jmx.export.annotation.AnnotationMBeanExporter - Located managed bean 'configurationPropertiesRebinder': registering with JMX server as MBean [org.springframework.cloud.context.properties:name=configurationPropertiesRebinder,context=234f8a91,type=ConfigurationPropertiesRebinder]
2018-06-06 15:19:08.907 [restartedMain] INFO  org.springframework.jmx.export.annotation.AnnotationMBeanExporter - Located MBean 'dataSource': registering with JMX server as MBean [com.zaxxer.hikari:name=dataSource,type=HikariDataSource]
2018-06-06 15:19:08.932 [restartedMain] INFO  org.springframework.context.support.DefaultLifecycleProcessor - Starting beans in phase 0
2018-06-06 15:19:08.955 [restartedMain] INFO  org.springframework.cloud.netflix.eureka.InstanceInfoFactory - Setting initial instance status as: STARTING
2018-06-06 15:19:09.322 [restartedMain] INFO  com.netflix.discovery.DiscoveryClient - Initializing Eureka in region us-east-1
2018-06-06 15:19:10.622 [restartedMain] INFO  com.netflix.discovery.provider.DiscoveryJerseyProvider - Using JSON encoding codec LegacyJacksonJson
2018-06-06 15:19:10.622 [restartedMain] INFO  com.netflix.discovery.provider.DiscoveryJerseyProvider - Using JSON decoding codec LegacyJacksonJson
2018-06-06 15:19:10.847 [restartedMain] INFO  com.netflix.discovery.provider.DiscoveryJerseyProvider - Using XML encoding codec XStreamXml
2018-06-06 15:19:10.847 [restartedMain] INFO  com.netflix.discovery.provider.DiscoveryJerseyProvider - Using XML decoding codec XStreamXml
2018-06-06 15:19:11.450 [restartedMain] INFO  com.netflix.discovery.shared.resolver.aws.ConfigClusterResolver - Resolving eureka endpoints via configuration
2018-06-06 15:19:11.699 [restartedMain] INFO  com.netflix.discovery.DiscoveryClient - Disable delta property : false
2018-06-06 15:19:11.699 [restartedMain] INFO  com.netflix.discovery.DiscoveryClient - Single vip registry refresh property : null
2018-06-06 15:19:11.699 [restartedMain] INFO  com.netflix.discovery.DiscoveryClient - Force full registry fetch : false
2018-06-06 15:19:11.699 [restartedMain] INFO  com.netflix.discovery.DiscoveryClient - Application is null : false
2018-06-06 15:19:11.699 [restartedMain] INFO  com.netflix.discovery.DiscoveryClient - Registered Applications size is zero : true
2018-06-06 15:19:11.699 [restartedMain] INFO  com.netflix.discovery.DiscoveryClient - Application version is -1: true
2018-06-06 15:19:11.699 [restartedMain] INFO  com.netflix.discovery.DiscoveryClient - Getting all instance registry info from the eureka server
2018-06-06 15:19:12.134 [restartedMain] INFO  com.netflix.discovery.DiscoveryClient - The response status is 200
2018-06-06 15:19:12.139 [restartedMain] INFO  com.netflix.discovery.DiscoveryClient - Starting heartbeat executor: renew interval is: 30
2018-06-06 15:19:12.144 [restartedMain] INFO  com.netflix.discovery.InstanceInfoReplicator - InstanceInfoReplicator onDemand update allowed rate per min is 4
2018-06-06 15:19:12.158 [restartedMain] INFO  com.netflix.discovery.DiscoveryClient - Discovery Client initialized at timestamp 1528269552151 with initial instances count: 1
2018-06-06 15:19:12.211 [restartedMain] INFO  org.springframework.cloud.netflix.eureka.serviceregistry.EurekaServiceRegistry - Registering application aischool-security with eureka with status UP
2018-06-06 15:19:12.212 [restartedMain] INFO  com.netflix.discovery.DiscoveryClient - Saw local status change event StatusChangeEvent [timestamp=1528269552212, current=UP, previous=STARTING]
2018-06-06 15:19:12.216 [DiscoveryClient-InstanceInfoReplicator-0] INFO  com.netflix.discovery.DiscoveryClient - DiscoveryClient_AISCHOOL-SECURITY/http://localhost:8083: registering service...
2018-06-06 15:19:12.299 [restartedMain] INFO  org.apache.coyote.http11.Http11NioProtocol - Starting ProtocolHandler ["http-nio-8083"]
2018-06-06 15:19:12.310 [DiscoveryClient-InstanceInfoReplicator-0] INFO  com.netflix.discovery.DiscoveryClient - DiscoveryClient_AISCHOOL-SECURITY/http://localhost:8083 - registration status: 204
2018-06-06 15:19:12.356 [restartedMain] INFO  org.apache.tomcat.util.net.NioSelectorPool - Using a shared selector for servlet write/read
2018-06-06 15:19:12.455 [restartedMain] INFO  org.springframework.boot.web.embedded.tomcat.TomcatWebServer - Tomcat started on port(s): 8083 (http) with context path ''
2018-06-06 15:19:12.458 [restartedMain] INFO  org.springframework.cloud.netflix.eureka.serviceregistry.EurekaAutoServiceRegistration - Updating port to 8083
2018-06-06 15:19:12.465 [restartedMain] INFO  com.chenglian.aischool.security.AiSchoolSecurityApplication - Started AiSchoolSecurityApplication in 43.665 seconds (JVM running for 48.264)
2018-06-06 15:19:42.199 [DiscoveryClient-HeartbeatExecutor-0] INFO  com.netflix.discovery.DiscoveryClient - DiscoveryClient_AISCHOOL-SECURITY/http://localhost:8083 - Re-registering apps/AISCHOOL-SECURITY
2018-06-06 15:19:42.200 [DiscoveryClient-HeartbeatExecutor-0] INFO  com.netflix.discovery.DiscoveryClient - DiscoveryClient_AISCHOOL-SECURITY/http://localhost:8083: registering service...
2018-06-06 15:19:42.217 [DiscoveryClient-HeartbeatExecutor-0] INFO  com.netflix.discovery.DiscoveryClient - DiscoveryClient_AISCHOOL-SECURITY/http://localhost:8083 - registration status: 204
2018-06-06 15:20:12.245 [DiscoveryClient-HeartbeatExecutor-0] INFO  com.netflix.discovery.DiscoveryClient - DiscoveryClient_AISCHOOL-SECURITY/http://localhost:8083 - Re-registering apps/AISCHOOL-SECURITY
2018-06-06 15:20:12.246 [DiscoveryClient-HeartbeatExecutor-0] INFO  com.netflix.discovery.DiscoveryClient - DiscoveryClient_AISCHOOL-SECURITY/http://localhost:8083: registering service...
2018-06-06 15:20:12.263 [DiscoveryClient-HeartbeatExecutor-0] INFO  com.netflix.discovery.DiscoveryClient - DiscoveryClient_AISCHOOL-SECURITY/http://localhost:8083 - registration status: 204
2018-06-06 15:20:27.676 [http-nio-8083-exec-2] INFO  org.apache.catalina.core.ContainerBase.[Tomcat].[localhost].[/] - Initializing Spring FrameworkServlet 'dispatcherServlet'
2018-06-06 15:20:27.676 [http-nio-8083-exec-2] INFO  org.springframework.web.servlet.DispatcherServlet - FrameworkServlet 'dispatcherServlet': initialization started
2018-06-06 15:20:27.733 [http-nio-8083-exec-2] INFO  org.springframework.web.servlet.DispatcherServlet - FrameworkServlet 'dispatcherServlet': initialization completed in 57 ms
2018-06-06 15:20:42.282 [DiscoveryClient-HeartbeatExecutor-0] INFO  com.netflix.discovery.DiscoveryClient - DiscoveryClient_AISCHOOL-SECURITY/http://localhost:8083 - Re-registering apps/AISCHOOL-SECURITY
2018-06-06 15:20:42.282 [DiscoveryClient-HeartbeatExecutor-0] INFO  com.netflix.discovery.DiscoveryClient - DiscoveryClient_AISCHOOL-SECURITY/http://localhost:8083: registering service...
2018-06-06 15:20:42.300 [DiscoveryClient-HeartbeatExecutor-0] INFO  com.netflix.discovery.DiscoveryClient - DiscoveryClient_AISCHOOL-SECURITY/http://localhost:8083 - registration status: 204
2018-06-06 15:20:46.125 [http-nio-8083-exec-2] INFO  org.hibernate.hql.internal.QueryTranslatorFactoryInitiator - HHH000397: Using ASTQueryTranslatorFactory
2018-06-06 15:21:12.327 [DiscoveryClient-HeartbeatExecutor-0] INFO  com.netflix.discovery.DiscoveryClient - DiscoveryClient_AISCHOOL-SECURITY/http://localhost:8083 - Re-registering apps/AISCHOOL-SECURITY
2018-06-06 15:21:12.327 [DiscoveryClient-HeartbeatExecutor-0] INFO  com.netflix.discovery.DiscoveryClient - DiscoveryClient_AISCHOOL-SECURITY/http://localhost:8083: registering service...
2018-06-06 15:21:12.353 [DiscoveryClient-HeartbeatExecutor-0] INFO  com.netflix.discovery.DiscoveryClient - DiscoveryClient_AISCHOOL-SECURITY/http://localhost:8083 - registration status: 204
2018-06-06 15:21:42.630 [DiscoveryClient-HeartbeatExecutor-0] INFO  com.netflix.discovery.DiscoveryClient - DiscoveryClient_AISCHOOL-SECURITY/http://localhost:8083 - Re-registering apps/AISCHOOL-SECURITY
2018-06-06 15:21:42.630 [DiscoveryClient-HeartbeatExecutor-0] INFO  com.netflix.discovery.DiscoveryClient - DiscoveryClient_AISCHOOL-SECURITY/http://localhost:8083: registering service...
2018-06-06 15:21:42.656 [DiscoveryClient-HeartbeatExecutor-0] INFO  com.netflix.discovery.DiscoveryClient - DiscoveryClient_AISCHOOL-SECURITY/http://localhost:8083 - registration status: 204
2018-06-06 15:22:12.671 [DiscoveryClient-HeartbeatExecutor-0] INFO  com.netflix.discovery.DiscoveryClient - DiscoveryClient_AISCHOOL-SECURITY/http://localhost:8083 - Re-registering apps/AISCHOOL-SECURITY
2018-06-06 15:22:12.672 [DiscoveryClient-HeartbeatExecutor-0] INFO  com.netflix.discovery.DiscoveryClient - DiscoveryClient_AISCHOOL-SECURITY/http://localhost:8083: registering service...
2018-06-06 15:22:12.697 [DiscoveryClient-HeartbeatExecutor-0] INFO  com.netflix.discovery.DiscoveryClient - DiscoveryClient_AISCHOOL-SECURITY/http://localhost:8083 - registration status: 204
2018-06-06 15:22:42.713 [DiscoveryClient-HeartbeatExecutor-0] INFO  com.netflix.discovery.DiscoveryClient - DiscoveryClient_AISCHOOL-SECURITY/http://localhost:8083 - Re-registering apps/AISCHOOL-SECURITY
2018-06-06 15:22:42.713 [DiscoveryClient-HeartbeatExecutor-0] INFO  com.netflix.discovery.DiscoveryClient - DiscoveryClient_AISCHOOL-SECURITY/http://localhost:8083: registering service...
2018-06-06 15:22:42.728 [DiscoveryClient-HeartbeatExecutor-0] INFO  com.netflix.discovery.DiscoveryClient - DiscoveryClient_AISCHOOL-SECURITY/http://localhost:8083 - registration status: 204
2018-06-06 15:23:12.745 [DiscoveryClient-HeartbeatExecutor-0] INFO  com.netflix.discovery.DiscoveryClient - DiscoveryClient_AISCHOOL-SECURITY/http://localhost:8083 - Re-registering apps/AISCHOOL-SECURITY
2018-06-06 15:23:12.746 [DiscoveryClient-HeartbeatExecutor-0] INFO  com.netflix.discovery.DiscoveryClient - DiscoveryClient_AISCHOOL-SECURITY/http://localhost:8083: registering service...
2018-06-06 15:23:12.764 [DiscoveryClient-HeartbeatExecutor-0] INFO  com.netflix.discovery.DiscoveryClient - DiscoveryClient_AISCHOOL-SECURITY/http://localhost:8083 - registration status: 204
2018-06-06 15:23:42.783 [DiscoveryClient-HeartbeatExecutor-0] INFO  com.netflix.discovery.DiscoveryClient - DiscoveryClient_AISCHOOL-SECURITY/http://localhost:8083 - Re-registering apps/AISCHOOL-SECURITY
2018-06-06 15:23:42.783 [DiscoveryClient-HeartbeatExecutor-0] INFO  com.netflix.discovery.DiscoveryClient - DiscoveryClient_AISCHOOL-SECURITY/http://localhost:8083: registering service...
2018-06-06 15:23:42.799 [DiscoveryClient-HeartbeatExecutor-0] INFO  com.netflix.discovery.DiscoveryClient - DiscoveryClient_AISCHOOL-SECURITY/http://localhost:8083 - registration status: 204
2018-06-06 15:24:11.711 [AsyncResolver-bootstrap-executor-0] INFO  com.netflix.discovery.shared.resolver.aws.ConfigClusterResolver - Resolving eureka endpoints via configuration
2018-06-06 15:24:12.973 [DiscoveryClient-HeartbeatExecutor-0] INFO  com.netflix.discovery.DiscoveryClient - DiscoveryClient_AISCHOOL-SECURITY/http://localhost:8083 - Re-registering apps/AISCHOOL-SECURITY
2018-06-06 15:24:12.973 [DiscoveryClient-HeartbeatExecutor-0] INFO  com.netflix.discovery.DiscoveryClient - DiscoveryClient_AISCHOOL-SECURITY/http://localhost:8083: registering service...
2018-06-06 15:24:12.989 [DiscoveryClient-HeartbeatExecutor-0] INFO  com.netflix.discovery.DiscoveryClient - DiscoveryClient_AISCHOOL-SECURITY/http://localhost:8083 - registration status: 204
2018-06-06 15:24:28.449 [RMI TCP Connection(2)-127.0.0.1] INFO  org.springframework.boot.admin.SpringApplicationAdminMXBeanRegistrar$SpringApplicationAdmin - Application shutdown requested.
2018-06-06 15:24:28.449 [RMI TCP Connection(2)-127.0.0.1] INFO  org.springframework.boot.web.servlet.context.AnnotationConfigServletWebServerApplicationContext - Closing org.springframework.boot.web.servlet.context.AnnotationConfigServletWebServerApplicationContext@234f8a91: startup date [Wed Jun 06 15:18:33 CST 2018]; parent: org.springframework.context.annotation.AnnotationConfigApplicationContext@40eba2d0
2018-06-06 15:24:28.451 [RMI TCP Connection(2)-127.0.0.1] INFO  org.springframework.cloud.netflix.eureka.serviceregistry.EurekaServiceRegistry - Unregistering application aischool-security with eureka with status DOWN
2018-06-06 15:24:28.452 [DiscoveryClient-InstanceInfoReplicator-0] INFO  com.netflix.discovery.DiscoveryClient - DiscoveryClient_AISCHOOL-SECURITY/http://localhost:8083: registering service...
2018-06-06 15:24:28.459 [RMI TCP Connection(2)-127.0.0.1] INFO  org.springframework.context.support.DefaultLifecycleProcessor - Stopping beans in phase 0
2018-06-06 15:24:28.468 [DiscoveryClient-InstanceInfoReplicator-0] INFO  com.netflix.discovery.DiscoveryClient - DiscoveryClient_AISCHOOL-SECURITY/http://localhost:8083 - registration status: 204
2018-06-06 15:24:28.471 [RMI TCP Connection(2)-127.0.0.1] INFO  org.springframework.jmx.export.annotation.AnnotationMBeanExporter - Unregistering JMX-exposed beans on shutdown
2018-06-06 15:24:28.473 [RMI TCP Connection(2)-127.0.0.1] INFO  org.springframework.jmx.export.annotation.AnnotationMBeanExporter - Unregistering JMX-exposed beans
2018-06-06 15:24:28.480 [RMI TCP Connection(2)-127.0.0.1] INFO  org.springframework.orm.jpa.LocalContainerEntityManagerFactoryBean - Closing JPA EntityManagerFactory for persistence unit 'default'
2018-06-06 15:24:28.485 [RMI TCP Connection(2)-127.0.0.1] INFO  com.netflix.discovery.DiscoveryClient - Shutting down DiscoveryClient ...
2018-06-06 15:24:28.486 [RMI TCP Connection(2)-127.0.0.1] INFO  com.netflix.discovery.DiscoveryClient - Unregistering ...
2018-06-06 15:24:28.510 [RMI TCP Connection(2)-127.0.0.1] INFO  com.netflix.discovery.DiscoveryClient - DiscoveryClient_AISCHOOL-SECURITY/http://localhost:8083 - deregister  status: 404
2018-06-06 15:24:28.541 [RMI TCP Connection(2)-127.0.0.1] INFO  com.netflix.discovery.DiscoveryClient - Completed shut down of DiscoveryClient
2018-06-06 15:24:28.573 [RMI TCP Connection(2)-127.0.0.1] INFO  com.zaxxer.hikari.HikariDataSource - HikariPool-1 - Shutdown initiated...
2018-06-06 15:24:28.662 [RMI TCP Connection(2)-127.0.0.1] INFO  com.zaxxer.hikari.HikariDataSource - HikariPool-1 - Shutdown completed.
2018-06-06 15:24:28.664 [RMI TCP Connection(2)-127.0.0.1] INFO  org.apache.coyote.http11.Http11NioProtocol - Pausing ProtocolHandler ["http-nio-8083"]
2018-06-06 15:24:29.016 [RMI TCP Connection(2)-127.0.0.1] INFO  org.apache.catalina.core.StandardService - Stopping service [Tomcat]
2018-06-06 15:24:29.163 [localhost-startStop-2] INFO  org.apache.catalina.core.ContainerBase.[Tomcat].[localhost].[/] - Destroying Spring FrameworkServlet 'dispatcherServlet'
2018-06-06 15:24:29.218 [RMI TCP Connection(2)-127.0.0.1] INFO  org.apache.coyote.http11.Http11NioProtocol - Stopping ProtocolHandler ["http-nio-8083"]
2018-06-06 15:24:29.266 [RMI TCP Connection(2)-127.0.0.1] INFO  org.apache.coyote.http11.Http11NioProtocol - Destroying ProtocolHandler ["http-nio-8083"]
